<?xml version="1.0" encoding="UTF-8" ?>

<testsuite failures="0" time="0.575" errors="0" skipped="0" tests="2" name="BasicTest">
  <testcase classname="BasicTest" name="createAndRetrieveGuy" time="0.226">
      </testcase>
  <testcase classname="BasicTest" name="guysAndMoneyAction" time="0.349">
      </testcase>
</testsuite>
